BUILD LOG
---------
Build Time: 2014-03-06T15:49:56

NODEJS INFORMATION
==================
nodejs: v0.10.22
chai: 1.8.1
grunt: 0.4.2
grunt-audit: 0.0.2
grunt-concat-sourcemap: 0.3.2
grunt-contrib-concat: 0.3.0
grunt-contrib-uglify: 0.3.3
grunt-contrib-yuidoc: 0.5.0
grunt-karma: 0.6.2
karma: 0.10.8
karma-chrome-launcher: 0.1.2
karma-coffee-preprocessor: 0.1.1
karma-crbot-reporter: 0.0.4
karma-firefox-launcher: 0.1.2
karma-html2js-preprocessor: 0.1.0
karma-ie-launcher: 0.1.1
karma-jasmine: 0.1.5
karma-mocha: 0.1.1
karma-phantomjs-launcher: 0.1.1
karma-requirejs: 0.2.1
karma-safari-launcher: 0.1.1
karma-script-launcher: 0.1.0
mocha: 1.14.0
requirejs: 2.1.9

REPO REVISIONS
==============
CustomElements: dd5810b31ae117f0c8a49da94291e3da8e614dd6
HTMLImports: a69f2049c4b5c660c9e9856d608261844309040f
NodeBind: 0023729c0f46e5656fa3e15992d035a447d64e34
PointerEvents: d41e20a15c970869dbe744d4c06e29d24434839d
PointerGestures: 5e7242aa76844dcd9ecff9d65b5e2fbf1399fffb
ShadowDOM: 0bd3184dab4460a23bc6084b042a89e460271d7c
TemplateBinding: 2dbe79de7d2bc02caf6d0bd9e0d5e7ac0f36bb3b
WeakMap: 3bea0e81ae461595a0137c81fa9ed7aefe2e5c9b
observe-js: 5805cbe3e022c8a3027c0d8a61ee96dc222b733c
platform: 2364ac16efa5904e97c27ad8ae93a02332771343
polymer-expressions: 91587624820fd86db695d830d4f79f6ce42f3695

BUILD HASHES
============
build/platform.js: 21aea0d968b261944da900a3ca0aa39925aa1108